2025-02-25 17:30:55.120 -03:00 [WRN] TreeRoutine.Routine.BuildYourOwnRoutine.Flask.FlaskSetting[] not supported for menu now. Ask developers to add this type.
2025-02-25 17:30:55.122 -03:00 [WRN] TreeRoutine.Routine.BuildYourOwnRoutine.Profile.LoadedProfile not supported for menu now. Ask developers to add this type.
2025-02-25 17:30:55.123 -03:00 [WRN] <0. 0> not supported for menu now. Ask developers to add this type.
2025-02-25 17:30:55.123 -03:00 [WRN] <0. 0> not supported for menu now. Ask developers to add this type.
2025-02-25 17:30:55.136 -03:00 [WRN] TreeRoutine.Routine.BasicFlaskRoutine.Flask.FlaskSetting[] not supported for menu now. Ask developers to add this type.
2025-02-25 17:30:55.212 -03:00 [WRN] 0 not supported for menu now. Ask developers to add this type.
2025-02-25 17:30:55.285 -03:00 [WRN] System.Boolean[,] not supported for menu now. Ask developers to add this type.
2025-02-25 17:30:55.299 -03:00 [WRN] 16 not supported for menu now. Ask developers to add this type.
2025-02-25 17:30:55.349 -03:00 [WRN] default not supported for menu now. Ask developers to add this type.
2025-02-25 17:30:55.733 -03:00 [WRN]  not supported for menu now. Ask developers to add this type.
2025-02-25 17:30:55.733 -03:00 [WRN]  not supported for menu now. Ask developers to add this type.
2025-02-25 17:30:55.733 -03:00 [WRN]  not supported for menu now. Ask developers to add this type.
2025-02-25 17:30:55.733 -03:00 [WRN]  not supported for menu now. Ask developers to add this type.
2025-02-25 17:30:55.733 -03:00 [WRN]  not supported for menu now. Ask developers to add this type.
2025-02-25 17:30:55.733 -03:00 [WRN]  not supported for menu now. Ask developers to add this type.
2025-02-25 17:30:55.733 -03:00 [WRN] <0. 0> not supported for menu now. Ask developers to add this type.
2025-02-25 17:30:55.734 -03:00 [WRN] PickIt.PickItSettings+FRSMOverrides not supported for menu now. Ask developers to add this type.
2025-02-25 17:30:55.748 -03:00 [WRN] False not supported for menu now. Ask developers to add this type.
2025-02-25 17:30:55.748 -03:00 [WRN] False not supported for menu now. Ask developers to add this type.
2025-02-25 17:30:55.748 -03:00 [WRN] True not supported for menu now. Ask developers to add this type.
2025-02-25 17:30:55.748 -03:00 [WRN] 60 not supported for menu now. Ask developers to add this type.
2025-02-25 17:30:55.748 -03:00 [WRN] 25/02/2025 17:30:55 not supported for menu now. Ask developers to add this type.
2025-02-25 17:30:55.748 -03:00 [WRN] False not supported for menu now. Ask developers to add this type.
2025-02-25 17:30:55.839 -03:00 [WRN] System.Int32[,] not supported for menu now. Ask developers to add this type.
2025-02-25 17:30:56.773 -03:00 [WRN] CSX.CustomSkillSetting not supported for menu now. Ask developers to add this type.
2025-02-25 17:30:56.773 -03:00 [WRN] CSX.CustomSkillSetting not supported for menu now. Ask developers to add this type.
2025-02-25 17:30:56.773 -03:00 [WRN] CSX.CustomSkillSetting not supported for menu now. Ask developers to add this type.
2025-02-25 17:30:56.773 -03:00 [WRN] CSX.CustomSkillSetting not supported for menu now. Ask developers to add this type.
2025-02-25 17:30:56.773 -03:00 [WRN] CSX.CustomSkillSetting not supported for menu now. Ask developers to add this type.
2025-02-25 17:30:56.774 -03:00 [WRN] CSX.CustomSkillSetting not supported for menu now. Ask developers to add this type.
2025-02-25 17:34:24.357 -03:00 [WRN] TreeRoutine.Routine.BuildYourOwnRoutine.Flask.FlaskSetting[] not supported for menu now. Ask developers to add this type.
2025-02-25 17:34:24.357 -03:00 [WRN] TreeRoutine.Routine.BuildYourOwnRoutine.Profile.LoadedProfile not supported for menu now. Ask developers to add this type.
2025-02-25 17:34:24.357 -03:00 [WRN] <0. 0> not supported for menu now. Ask developers to add this type.
2025-02-25 17:34:24.357 -03:00 [WRN] <0. 0> not supported for menu now. Ask developers to add this type.
2025-02-25 17:34:24.366 -03:00 [WRN] TreeRoutine.Routine.BasicFlaskRoutine.Flask.FlaskSetting[] not supported for menu now. Ask developers to add this type.
2025-02-25 17:34:24.438 -03:00 [WRN] 0 not supported for menu now. Ask developers to add this type.
2025-02-25 17:34:24.472 -03:00 [WRN] System.Boolean[,] not supported for menu now. Ask developers to add this type.
2025-02-25 17:34:24.482 -03:00 [WRN] 16 not supported for menu now. Ask developers to add this type.
2025-02-25 17:34:24.490 -03:00 [WRN] default not supported for menu now. Ask developers to add this type.
2025-02-25 17:34:24.664 -03:00 [WRN]  not supported for menu now. Ask developers to add this type.
2025-02-25 17:34:24.664 -03:00 [WRN]  not supported for menu now. Ask developers to add this type.
2025-02-25 17:34:24.664 -03:00 [WRN]  not supported for menu now. Ask developers to add this type.
2025-02-25 17:34:24.664 -03:00 [WRN]  not supported for menu now. Ask developers to add this type.
2025-02-25 17:34:24.664 -03:00 [WRN]  not supported for menu now. Ask developers to add this type.
2025-02-25 17:34:24.664 -03:00 [WRN]  not supported for menu now. Ask developers to add this type.
2025-02-25 17:34:24.664 -03:00 [WRN] <0. 0> not supported for menu now. Ask developers to add this type.
2025-02-25 17:34:24.664 -03:00 [WRN] PickIt.PickItSettings+FRSMOverrides not supported for menu now. Ask developers to add this type.
2025-02-25 17:34:24.667 -03:00 [WRN] False not supported for menu now. Ask developers to add this type.
2025-02-25 17:34:24.667 -03:00 [WRN] False not supported for menu now. Ask developers to add this type.
2025-02-25 17:34:24.667 -03:00 [WRN] True not supported for menu now. Ask developers to add this type.
2025-02-25 17:34:24.667 -03:00 [WRN] 60 not supported for menu now. Ask developers to add this type.
2025-02-25 17:34:24.667 -03:00 [WRN] 25/02/2025 17:34:24 not supported for menu now. Ask developers to add this type.
2025-02-25 17:34:24.667 -03:00 [WRN] False not supported for menu now. Ask developers to add this type.
2025-02-25 17:34:24.708 -03:00 [WRN] System.Int32[,] not supported for menu now. Ask developers to add this type.
2025-02-25 17:34:25.305 -03:00 [WRN] CSX.CustomSkillSetting not supported for menu now. Ask developers to add this type.
2025-02-25 17:34:25.305 -03:00 [WRN] CSX.CustomSkillSetting not supported for menu now. Ask developers to add this type.
2025-02-25 17:34:25.305 -03:00 [WRN] CSX.CustomSkillSetting not supported for menu now. Ask developers to add this type.
2025-02-25 17:34:25.305 -03:00 [WRN] CSX.CustomSkillSetting not supported for menu now. Ask developers to add this type.
2025-02-25 17:34:25.305 -03:00 [WRN] CSX.CustomSkillSetting not supported for menu now. Ask developers to add this type.
2025-02-25 17:34:25.305 -03:00 [WRN] CSX.CustomSkillSetting not supported for menu now. Ask developers to add this type.
2025-02-25 17:35:09.515 -03:00 [WRN] TreeRoutine.Routine.BuildYourOwnRoutine.Flask.FlaskSetting[] not supported for menu now. Ask developers to add this type.
2025-02-25 17:35:09.519 -03:00 [WRN] TreeRoutine.Routine.BuildYourOwnRoutine.Profile.LoadedProfile not supported for menu now. Ask developers to add this type.
2025-02-25 17:35:09.520 -03:00 [WRN] <0. 0> not supported for menu now. Ask developers to add this type.
2025-02-25 17:35:09.520 -03:00 [WRN] <0. 0> not supported for menu now. Ask developers to add this type.
2025-02-25 17:35:09.537 -03:00 [WRN] TreeRoutine.Routine.BasicFlaskRoutine.Flask.FlaskSetting[] not supported for menu now. Ask developers to add this type.
2025-02-25 17:35:09.596 -03:00 [WRN] 0 not supported for menu now. Ask developers to add this type.
2025-02-25 17:35:09.674 -03:00 [WRN] System.Boolean[,] not supported for menu now. Ask developers to add this type.
2025-02-25 17:35:09.689 -03:00 [WRN] 16 not supported for menu now. Ask developers to add this type.
2025-02-25 17:35:09.744 -03:00 [WRN] default not supported for menu now. Ask developers to add this type.
2025-02-25 17:35:10.126 -03:00 [WRN]  not supported for menu now. Ask developers to add this type.
2025-02-25 17:35:10.126 -03:00 [WRN]  not supported for menu now. Ask developers to add this type.
2025-02-25 17:35:10.126 -03:00 [WRN]  not supported for menu now. Ask developers to add this type.
2025-02-25 17:35:10.126 -03:00 [WRN]  not supported for menu now. Ask developers to add this type.
2025-02-25 17:35:10.126 -03:00 [WRN]  not supported for menu now. Ask developers to add this type.
2025-02-25 17:35:10.126 -03:00 [WRN]  not supported for menu now. Ask developers to add this type.
2025-02-25 17:35:10.127 -03:00 [WRN] <0. 0> not supported for menu now. Ask developers to add this type.
2025-02-25 17:35:10.127 -03:00 [WRN] PickIt.PickItSettings+FRSMOverrides not supported for menu now. Ask developers to add this type.
2025-02-25 17:35:10.132 -03:00 [WRN] False not supported for menu now. Ask developers to add this type.
2025-02-25 17:35:10.132 -03:00 [WRN] False not supported for menu now. Ask developers to add this type.
2025-02-25 17:35:10.132 -03:00 [WRN] True not supported for menu now. Ask developers to add this type.
2025-02-25 17:35:10.133 -03:00 [WRN] 60 not supported for menu now. Ask developers to add this type.
2025-02-25 17:35:10.133 -03:00 [WRN] 25/02/2025 17:35:10 not supported for menu now. Ask developers to add this type.
2025-02-25 17:35:10.133 -03:00 [WRN] False not supported for menu now. Ask developers to add this type.
2025-02-25 17:35:10.238 -03:00 [WRN] System.Int32[,] not supported for menu now. Ask developers to add this type.
2025-02-25 17:35:11.184 -03:00 [WRN] CSX.CustomSkillSetting not supported for menu now. Ask developers to add this type.
2025-02-25 17:35:11.184 -03:00 [WRN] CSX.CustomSkillSetting not supported for menu now. Ask developers to add this type.
2025-02-25 17:35:11.184 -03:00 [WRN] CSX.CustomSkillSetting not supported for menu now. Ask developers to add this type.
2025-02-25 17:35:11.184 -03:00 [WRN] CSX.CustomSkillSetting not supported for menu now. Ask developers to add this type.
2025-02-25 17:35:11.184 -03:00 [WRN] CSX.CustomSkillSetting not supported for menu now. Ask developers to add this type.
2025-02-25 17:35:11.184 -03:00 [WRN] CSX.CustomSkillSetting not supported for menu now. Ask developers to add this type.
2025-02-25 17:35:32.856 -03:00 [WRN] TreeRoutine.Routine.BuildYourOwnRoutine.Flask.FlaskSetting[] not supported for menu now. Ask developers to add this type.
2025-02-25 17:35:32.872 -03:00 [WRN] TreeRoutine.Routine.BuildYourOwnRoutine.Profile.LoadedProfile not supported for menu now. Ask developers to add this type.
2025-02-25 17:35:32.873 -03:00 [WRN] <0. 0> not supported for menu now. Ask developers to add this type.
2025-02-25 17:35:32.873 -03:00 [WRN] <0. 0> not supported for menu now. Ask developers to add this type.
2025-02-25 17:35:32.978 -03:00 [WRN] TreeRoutine.Routine.BasicFlaskRoutine.Flask.FlaskSetting[] not supported for menu now. Ask developers to add this type.
2025-02-25 17:35:33.382 -03:00 [WRN] 0 not supported for menu now. Ask developers to add this type.
2025-02-25 17:35:33.687 -03:00 [WRN] System.Boolean[,] not supported for menu now. Ask developers to add this type.
2025-02-25 17:35:33.741 -03:00 [WRN] 16 not supported for menu now. Ask developers to add this type.
2025-02-25 17:35:33.829 -03:00 [WRN] default not supported for menu now. Ask developers to add this type.
2025-02-25 17:35:34.762 -03:00 [WRN]  not supported for menu now. Ask developers to add this type.
2025-02-25 17:35:34.762 -03:00 [WRN]  not supported for menu now. Ask developers to add this type.
2025-02-25 17:35:34.762 -03:00 [WRN]  not supported for menu now. Ask developers to add this type.
2025-02-25 17:35:34.762 -03:00 [WRN]  not supported for menu now. Ask developers to add this type.
2025-02-25 17:35:34.762 -03:00 [WRN]  not supported for menu now. Ask developers to add this type.
2025-02-25 17:35:34.762 -03:00 [WRN]  not supported for menu now. Ask developers to add this type.
2025-02-25 17:35:34.763 -03:00 [WRN] <0. 0> not supported for menu now. Ask developers to add this type.
2025-02-25 17:35:34.763 -03:00 [WRN] PickIt.PickItSettings+FRSMOverrides not supported for menu now. Ask developers to add this type.
2025-02-25 17:35:34.769 -03:00 [WRN] False not supported for menu now. Ask developers to add this type.
2025-02-25 17:35:34.769 -03:00 [WRN] False not supported for menu now. Ask developers to add this type.
2025-02-25 17:35:34.769 -03:00 [WRN] True not supported for menu now. Ask developers to add this type.
2025-02-25 17:35:34.769 -03:00 [WRN] 60 not supported for menu now. Ask developers to add this type.
2025-02-25 17:35:34.769 -03:00 [WRN] 25/02/2025 17:35:34 not supported for menu now. Ask developers to add this type.
2025-02-25 17:35:34.769 -03:00 [WRN] False not supported for menu now. Ask developers to add this type.
2025-02-25 17:35:34.905 -03:00 [WRN] System.Int32[,] not supported for menu now. Ask developers to add this type.
2025-02-25 17:35:37.320 -03:00 [WRN] CSX.CustomSkillSetting not supported for menu now. Ask developers to add this type.
2025-02-25 17:35:37.320 -03:00 [WRN] CSX.CustomSkillSetting not supported for menu now. Ask developers to add this type.
2025-02-25 17:35:37.320 -03:00 [WRN] CSX.CustomSkillSetting not supported for menu now. Ask developers to add this type.
2025-02-25 17:35:37.320 -03:00 [WRN] CSX.CustomSkillSetting not supported for menu now. Ask developers to add this type.
2025-02-25 17:35:37.320 -03:00 [WRN] CSX.CustomSkillSetting not supported for menu now. Ask developers to add this type.
2025-02-25 17:35:37.320 -03:00 [WRN] CSX.CustomSkillSetting not supported for menu now. Ask developers to add this type.
2025-02-25 18:09:28.713 -03:00 [WRN] TreeRoutine.Routine.BuildYourOwnRoutine.Flask.FlaskSetting[] not supported for menu now. Ask developers to add this type.
2025-02-25 18:09:28.713 -03:00 [WRN] TreeRoutine.Routine.BuildYourOwnRoutine.Profile.LoadedProfile not supported for menu now. Ask developers to add this type.
2025-02-25 18:09:28.713 -03:00 [WRN] <0. 0> not supported for menu now. Ask developers to add this type.
2025-02-25 18:09:28.713 -03:00 [WRN] <0. 0> not supported for menu now. Ask developers to add this type.
2025-02-25 18:09:28.720 -03:00 [WRN] TreeRoutine.Routine.BasicFlaskRoutine.Flask.FlaskSetting[] not supported for menu now. Ask developers to add this type.
2025-02-25 18:09:28.746 -03:00 [WRN] 0 not supported for menu now. Ask developers to add this type.
2025-02-25 18:09:28.806 -03:00 [WRN] System.Boolean[,] not supported for menu now. Ask developers to add this type.
2025-02-25 18:09:28.813 -03:00 [WRN] 16 not supported for menu now. Ask developers to add this type.
2025-02-25 18:09:28.821 -03:00 [WRN] default not supported for menu now. Ask developers to add this type.
2025-02-25 18:09:28.929 -03:00 [WRN]  not supported for menu now. Ask developers to add this type.
2025-02-25 18:09:28.930 -03:00 [WRN]  not supported for menu now. Ask developers to add this type.
2025-02-25 18:09:28.930 -03:00 [WRN]  not supported for menu now. Ask developers to add this type.
2025-02-25 18:09:28.930 -03:00 [WRN]  not supported for menu now. Ask developers to add this type.
2025-02-25 18:09:28.930 -03:00 [WRN]  not supported for menu now. Ask developers to add this type.
2025-02-25 18:09:28.930 -03:00 [WRN]  not supported for menu now. Ask developers to add this type.
2025-02-25 18:09:28.930 -03:00 [WRN] <0. 0> not supported for menu now. Ask developers to add this type.
2025-02-25 18:09:28.930 -03:00 [WRN] PickIt.PickItSettings+FRSMOverrides not supported for menu now. Ask developers to add this type.
2025-02-25 18:09:28.933 -03:00 [WRN] False not supported for menu now. Ask developers to add this type.
2025-02-25 18:09:28.933 -03:00 [WRN] False not supported for menu now. Ask developers to add this type.
2025-02-25 18:09:28.933 -03:00 [WRN] True not supported for menu now. Ask developers to add this type.
2025-02-25 18:09:28.933 -03:00 [WRN] 60 not supported for menu now. Ask developers to add this type.
2025-02-25 18:09:28.933 -03:00 [WRN] 25/02/2025 18:09:28 not supported for menu now. Ask developers to add this type.
2025-02-25 18:09:28.933 -03:00 [WRN] False not supported for menu now. Ask developers to add this type.
2025-02-25 18:09:28.971 -03:00 [WRN] System.Int32[,] not supported for menu now. Ask developers to add this type.
2025-02-25 18:09:29.769 -03:00 [WRN] CSX.CustomSkillSetting not supported for menu now. Ask developers to add this type.
2025-02-25 18:09:29.769 -03:00 [WRN] CSX.CustomSkillSetting not supported for menu now. Ask developers to add this type.
2025-02-25 18:09:29.769 -03:00 [WRN] CSX.CustomSkillSetting not supported for menu now. Ask developers to add this type.
2025-02-25 18:09:29.769 -03:00 [WRN] CSX.CustomSkillSetting not supported for menu now. Ask developers to add this type.
2025-02-25 18:09:29.769 -03:00 [WRN] CSX.CustomSkillSetting not supported for menu now. Ask developers to add this type.
2025-02-25 18:09:29.769 -03:00 [WRN] CSX.CustomSkillSetting not supported for menu now. Ask developers to add this type.
