2025-02-24 16:12:36.341 -03:00 [WRN] TreeRoutine.Routine.BuildYourOwnRoutine.Flask.FlaskSetting[] not supported for menu now. Ask developers to add this type.
2025-02-24 16:12:36.345 -03:00 [WRN] TreeRoutine.Routine.BuildYourOwnRoutine.Profile.LoadedProfile not supported for menu now. Ask developers to add this type.
2025-02-24 16:12:36.356 -03:00 [WRN] <0. 0> not supported for menu now. Ask developers to add this type.
2025-02-24 16:12:36.356 -03:00 [WRN] <0. 0> not supported for menu now. Ask developers to add this type.
2025-02-24 16:12:36.377 -03:00 [WRN] TreeRoutine.Routine.BasicFlaskRoutine.Flask.FlaskSetting[] not supported for menu now. Ask developers to add this type.
2025-02-24 16:12:36.534 -03:00 [WRN] 0 not supported for menu now. Ask developers to add this type.
2025-02-24 16:12:36.636 -03:00 [WRN] System.Boolean[,] not supported for menu now. Ask developers to add this type.
2025-02-24 16:12:36.653 -03:00 [WRN] 16 not supported for menu now. Ask developers to add this type.
2025-02-24 16:12:36.694 -03:00 [WRN] default not supported for menu now. Ask developers to add this type.
2025-02-24 16:12:37.165 -03:00 [WRN]  not supported for menu now. Ask developers to add this type.
2025-02-24 16:12:37.165 -03:00 [WRN]  not supported for menu now. Ask developers to add this type.
2025-02-24 16:12:37.165 -03:00 [WRN]  not supported for menu now. Ask developers to add this type.
2025-02-24 16:12:37.166 -03:00 [WRN]  not supported for menu now. Ask developers to add this type.
2025-02-24 16:12:37.166 -03:00 [WRN]  not supported for menu now. Ask developers to add this type.
2025-02-24 16:12:37.166 -03:00 [WRN]  not supported for menu now. Ask developers to add this type.
2025-02-24 16:12:37.166 -03:00 [WRN] <0. 0> not supported for menu now. Ask developers to add this type.
2025-02-24 16:12:37.166 -03:00 [WRN] PickIt.PickItSettings+FRSMOverrides not supported for menu now. Ask developers to add this type.
2025-02-24 16:12:37.172 -03:00 [WRN] False not supported for menu now. Ask developers to add this type.
2025-02-24 16:12:37.172 -03:00 [WRN] False not supported for menu now. Ask developers to add this type.
2025-02-24 16:12:37.172 -03:00 [WRN] True not supported for menu now. Ask developers to add this type.
2025-02-24 16:12:37.172 -03:00 [WRN] 60 not supported for menu now. Ask developers to add this type.
2025-02-24 16:12:37.172 -03:00 [WRN] 24/02/2025 16:12:37 not supported for menu now. Ask developers to add this type.
2025-02-24 16:12:37.172 -03:00 [WRN] False not supported for menu now. Ask developers to add this type.
2025-02-24 16:12:37.288 -03:00 [WRN] System.Int32[,] not supported for menu now. Ask developers to add this type.
2025-02-24 16:12:40.367 -03:00 [WRN] CSX.CustomSkillSetting not supported for menu now. Ask developers to add this type.
2025-02-24 16:12:40.367 -03:00 [WRN] CSX.CustomSkillSetting not supported for menu now. Ask developers to add this type.
2025-02-24 16:12:40.367 -03:00 [WRN] CSX.CustomSkillSetting not supported for menu now. Ask developers to add this type.
2025-02-24 16:12:40.367 -03:00 [WRN] CSX.CustomSkillSetting not supported for menu now. Ask developers to add this type.
2025-02-24 16:12:40.367 -03:00 [WRN] CSX.CustomSkillSetting not supported for menu now. Ask developers to add this type.
2025-02-24 16:12:40.367 -03:00 [WRN] CSX.CustomSkillSetting not supported for menu now. Ask developers to add this type.
2025-02-24 18:49:03.504 -03:00 [WRN] TreeRoutine.Routine.BuildYourOwnRoutine.Flask.FlaskSetting[] not supported for menu now. Ask developers to add this type.
2025-02-24 18:49:03.509 -03:00 [WRN] TreeRoutine.Routine.BuildYourOwnRoutine.Profile.LoadedProfile not supported for menu now. Ask developers to add this type.
2025-02-24 18:49:03.509 -03:00 [WRN] <0. 0> not supported for menu now. Ask developers to add this type.
2025-02-24 18:49:03.509 -03:00 [WRN] <0. 0> not supported for menu now. Ask developers to add this type.
2025-02-24 18:49:03.527 -03:00 [WRN] TreeRoutine.Routine.BasicFlaskRoutine.Flask.FlaskSetting[] not supported for menu now. Ask developers to add this type.
2025-02-24 18:49:03.623 -03:00 [WRN] 0 not supported for menu now. Ask developers to add this type.
2025-02-24 18:49:03.692 -03:00 [WRN] System.Boolean[,] not supported for menu now. Ask developers to add this type.
2025-02-24 18:49:03.704 -03:00 [WRN] 16 not supported for menu now. Ask developers to add this type.
2025-02-24 18:49:03.724 -03:00 [WRN] default not supported for menu now. Ask developers to add this type.
2025-02-24 18:49:04.190 -03:00 [WRN]  not supported for menu now. Ask developers to add this type.
2025-02-24 18:49:04.190 -03:00 [WRN]  not supported for menu now. Ask developers to add this type.
2025-02-24 18:49:04.190 -03:00 [WRN]  not supported for menu now. Ask developers to add this type.
2025-02-24 18:49:04.190 -03:00 [WRN]  not supported for menu now. Ask developers to add this type.
2025-02-24 18:49:04.190 -03:00 [WRN]  not supported for menu now. Ask developers to add this type.
2025-02-24 18:49:04.190 -03:00 [WRN]  not supported for menu now. Ask developers to add this type.
2025-02-24 18:49:04.191 -03:00 [WRN] <0. 0> not supported for menu now. Ask developers to add this type.
2025-02-24 18:49:04.191 -03:00 [WRN] PickIt.PickItSettings+FRSMOverrides not supported for menu now. Ask developers to add this type.
2025-02-24 18:49:04.196 -03:00 [WRN] False not supported for menu now. Ask developers to add this type.
2025-02-24 18:49:04.196 -03:00 [WRN] False not supported for menu now. Ask developers to add this type.
2025-02-24 18:49:04.196 -03:00 [WRN] True not supported for menu now. Ask developers to add this type.
2025-02-24 18:49:04.196 -03:00 [WRN] 60 not supported for menu now. Ask developers to add this type.
2025-02-24 18:49:04.196 -03:00 [WRN] 24/02/2025 18:49:04 not supported for menu now. Ask developers to add this type.
2025-02-24 18:49:04.196 -03:00 [WRN] False not supported for menu now. Ask developers to add this type.
2025-02-24 18:49:04.261 -03:00 [WRN] System.Int32[,] not supported for menu now. Ask developers to add this type.
2025-02-24 18:49:05.102 -03:00 [WRN] CSX.CustomSkillSetting not supported for menu now. Ask developers to add this type.
2025-02-24 18:49:05.102 -03:00 [WRN] CSX.CustomSkillSetting not supported for menu now. Ask developers to add this type.
2025-02-24 18:49:05.102 -03:00 [WRN] CSX.CustomSkillSetting not supported for menu now. Ask developers to add this type.
2025-02-24 18:49:05.102 -03:00 [WRN] CSX.CustomSkillSetting not supported for menu now. Ask developers to add this type.
2025-02-24 18:49:05.102 -03:00 [WRN] CSX.CustomSkillSetting not supported for menu now. Ask developers to add this type.
2025-02-24 18:49:05.102 -03:00 [WRN] CSX.CustomSkillSetting not supported for menu now. Ask developers to add this type.
2025-02-24 20:08:50.118 -03:00 [WRN] TreeRoutine.Routine.BuildYourOwnRoutine.Flask.FlaskSetting[] not supported for menu now. Ask developers to add this type.
2025-02-24 20:08:50.126 -03:00 [WRN] TreeRoutine.Routine.BuildYourOwnRoutine.Profile.LoadedProfile not supported for menu now. Ask developers to add this type.
2025-02-24 20:08:50.126 -03:00 [WRN] <0. 0> not supported for menu now. Ask developers to add this type.
2025-02-24 20:08:50.127 -03:00 [WRN] <0. 0> not supported for menu now. Ask developers to add this type.
2025-02-24 20:08:50.144 -03:00 [WRN] TreeRoutine.Routine.BasicFlaskRoutine.Flask.FlaskSetting[] not supported for menu now. Ask developers to add this type.
2025-02-24 20:08:50.222 -03:00 [WRN] 0 not supported for menu now. Ask developers to add this type.
2025-02-24 20:08:50.336 -03:00 [WRN] System.Boolean[,] not supported for menu now. Ask developers to add this type.
2025-02-24 20:08:50.395 -03:00 [WRN] 16 not supported for menu now. Ask developers to add this type.
2025-02-24 20:08:50.420 -03:00 [WRN] default not supported for menu now. Ask developers to add this type.
2025-02-24 20:08:50.979 -03:00 [WRN]  not supported for menu now. Ask developers to add this type.
2025-02-24 20:08:50.979 -03:00 [WRN]  not supported for menu now. Ask developers to add this type.
2025-02-24 20:08:50.979 -03:00 [WRN]  not supported for menu now. Ask developers to add this type.
2025-02-24 20:08:50.979 -03:00 [WRN]  not supported for menu now. Ask developers to add this type.
2025-02-24 20:08:50.979 -03:00 [WRN]  not supported for menu now. Ask developers to add this type.
2025-02-24 20:08:50.980 -03:00 [WRN]  not supported for menu now. Ask developers to add this type.
2025-02-24 20:08:50.980 -03:00 [WRN] <0. 0> not supported for menu now. Ask developers to add this type.
2025-02-24 20:08:50.980 -03:00 [WRN] PickIt.PickItSettings+FRSMOverrides not supported for menu now. Ask developers to add this type.
2025-02-24 20:08:50.986 -03:00 [WRN] False not supported for menu now. Ask developers to add this type.
2025-02-24 20:08:50.986 -03:00 [WRN] False not supported for menu now. Ask developers to add this type.
2025-02-24 20:08:50.986 -03:00 [WRN] True not supported for menu now. Ask developers to add this type.
2025-02-24 20:08:50.986 -03:00 [WRN] 60 not supported for menu now. Ask developers to add this type.
2025-02-24 20:08:50.986 -03:00 [WRN] 24/02/2025 20:08:50 not supported for menu now. Ask developers to add this type.
2025-02-24 20:08:50.986 -03:00 [WRN] False not supported for menu now. Ask developers to add this type.
2025-02-24 20:08:51.122 -03:00 [WRN] System.Int32[,] not supported for menu now. Ask developers to add this type.
2025-02-24 20:08:53.723 -03:00 [WRN] CSX.CustomSkillSetting not supported for menu now. Ask developers to add this type.
2025-02-24 20:08:53.723 -03:00 [WRN] CSX.CustomSkillSetting not supported for menu now. Ask developers to add this type.
2025-02-24 20:08:53.723 -03:00 [WRN] CSX.CustomSkillSetting not supported for menu now. Ask developers to add this type.
2025-02-24 20:08:53.723 -03:00 [WRN] CSX.CustomSkillSetting not supported for menu now. Ask developers to add this type.
2025-02-24 20:08:53.723 -03:00 [WRN] CSX.CustomSkillSetting not supported for menu now. Ask developers to add this type.
2025-02-24 20:08:53.723 -03:00 [WRN] CSX.CustomSkillSetting not supported for menu now. Ask developers to add this type.
2025-02-24 21:36:07.072 -03:00 [WRN] TreeRoutine.Routine.BuildYourOwnRoutine.Flask.FlaskSetting[] not supported for menu now. Ask developers to add this type.
2025-02-24 21:36:07.079 -03:00 [WRN] TreeRoutine.Routine.BuildYourOwnRoutine.Profile.LoadedProfile not supported for menu now. Ask developers to add this type.
2025-02-24 21:36:07.080 -03:00 [WRN] <0. 0> not supported for menu now. Ask developers to add this type.
2025-02-24 21:36:07.080 -03:00 [WRN] <0. 0> not supported for menu now. Ask developers to add this type.
2025-02-24 21:36:07.162 -03:00 [WRN] TreeRoutine.Routine.BasicFlaskRoutine.Flask.FlaskSetting[] not supported for menu now. Ask developers to add this type.
2025-02-24 21:36:07.286 -03:00 [WRN] 0 not supported for menu now. Ask developers to add this type.
2025-02-24 21:36:07.421 -03:00 [WRN] System.Boolean[,] not supported for menu now. Ask developers to add this type.
2025-02-24 21:36:07.443 -03:00 [WRN] 16 not supported for menu now. Ask developers to add this type.
2025-02-24 21:36:07.465 -03:00 [WRN] default not supported for menu now. Ask developers to add this type.
2025-02-24 21:36:07.960 -03:00 [WRN]  not supported for menu now. Ask developers to add this type.
2025-02-24 21:36:07.960 -03:00 [WRN]  not supported for menu now. Ask developers to add this type.
2025-02-24 21:36:07.960 -03:00 [WRN]  not supported for menu now. Ask developers to add this type.
2025-02-24 21:36:07.960 -03:00 [WRN]  not supported for menu now. Ask developers to add this type.
2025-02-24 21:36:07.961 -03:00 [WRN]  not supported for menu now. Ask developers to add this type.
2025-02-24 21:36:07.961 -03:00 [WRN]  not supported for menu now. Ask developers to add this type.
2025-02-24 21:36:07.961 -03:00 [WRN] <0. 0> not supported for menu now. Ask developers to add this type.
2025-02-24 21:36:07.961 -03:00 [WRN] PickIt.PickItSettings+FRSMOverrides not supported for menu now. Ask developers to add this type.
2025-02-24 21:36:07.967 -03:00 [WRN] False not supported for menu now. Ask developers to add this type.
2025-02-24 21:36:07.967 -03:00 [WRN] False not supported for menu now. Ask developers to add this type.
2025-02-24 21:36:07.967 -03:00 [WRN] True not supported for menu now. Ask developers to add this type.
2025-02-24 21:36:07.967 -03:00 [WRN] 60 not supported for menu now. Ask developers to add this type.
2025-02-24 21:36:07.967 -03:00 [WRN] 24/02/2025 21:36:07 not supported for menu now. Ask developers to add this type.
2025-02-24 21:36:07.967 -03:00 [WRN] False not supported for menu now. Ask developers to add this type.
2025-02-24 21:36:08.053 -03:00 [WRN] System.Int32[,] not supported for menu now. Ask developers to add this type.
2025-02-24 21:36:08.863 -03:00 [WRN] CSX.CustomSkillSetting not supported for menu now. Ask developers to add this type.
2025-02-24 21:36:08.863 -03:00 [WRN] CSX.CustomSkillSetting not supported for menu now. Ask developers to add this type.
2025-02-24 21:36:08.863 -03:00 [WRN] CSX.CustomSkillSetting not supported for menu now. Ask developers to add this type.
2025-02-24 21:36:08.863 -03:00 [WRN] CSX.CustomSkillSetting not supported for menu now. Ask developers to add this type.
2025-02-24 21:36:08.863 -03:00 [WRN] CSX.CustomSkillSetting not supported for menu now. Ask developers to add this type.
2025-02-24 21:36:08.863 -03:00 [WRN] CSX.CustomSkillSetting not supported for menu now. Ask developers to add this type.
